DogshowPro/myDogshow/build/outputs/proguard/release/seeds.txt
dev.tnclark8012.apps.android.dogshow.R$anim: int fade_in
dev.tnclark8012.apps.android.dogshow.R$anim: int fade_out
dev.tnclark8012.apps.android.dogshow.R$anim: int left_to_right
dev.tnclark8012.apps.android.dogshow.R$anim: int right_to_left
dev.tnclark8012.apps.android.dogshow.R$attr: int activatableItemBackground
dev.tnclark8012.apps.android.dogshow.R$attr: int adSize
dev.tnclark8012.apps.android.dogshow.R$attr: int adSizes
dev.tnclark8012.apps.android.dogshow.R$attr: int adUnitId
dev.tnclark8012.apps.android.dogshow.R$attr: int borderDrawable
dev.tnclark8012.apps.android.dogshow.R$attr: int buttonBarButtonStyle
dev.tnclark8012.apps.android.dogshow.R$attr: int buttonBarStyle
dev.tnclark8012.apps.android.dogshow.R$attr: int buyButtonAppearance
dev.tnclark8012.apps.android.dogshow.R$attr: int buyButtonHeight
dev.tnclark8012.apps.android.dogshow.R$attr: int buyButtonText
dev.tnclark8012.apps.android.dogshow.R$attr: int buyButtonWidth
dev.tnclark8012.apps.android.dogshow.R$attr: int cameraBearing
dev.tnclark8012.apps.android.dogshow.R$attr: int cameraTargetLat
dev.tnclark8012.apps.android.dogshow.R$attr: int cameraTargetLng
dev.tnclark8012.apps.android.dogshow.R$attr: int cameraTilt
dev.tnclark8012.apps.android.dogshow.R$attr: int cameraZoom
dev.tnclark8012.apps.android.dogshow.R$attr: int environment
dev.tnclark8012.apps.android.dogshow.R$attr: int fragmentMode
dev.tnclark8012.apps.android.dogshow.R$attr: int fragmentStyle
dev.tnclark8012.apps.android.dogshow.R$attr: int hasStickyHeaders
dev.tnclark8012.apps.android.dogshow.R$attr: int isDrawingListUnderStickyHeader
dev.tnclark8012.apps.android.dogshow.R$attr: int mapType
dev.tnclark8012.apps.android.dogshow.R$attr: int maskDrawable
dev.tnclark8012.apps.android.dogshow.R$color: int accent_1
dev.tnclark8012.apps.android.dogshow.R$color: int accent_2
dev.tnclark8012.apps.android.dogshow.R$color: int action_bar_color
dev.tnclark8012.apps.android.dogshow.R$color: int black
dev.tnclark8012.apps.android.dogshow.R$color: int cadet_blue2
dev.tnclark8012.apps.android.dogshow.R$color: int cadet_blue3
dev.tnclark8012.apps.android.dogshow.R$color: int common_action_bar_splitter
dev.tnclark8012.apps.android.dogshow.R$color: int common_signin_btn_dark_text_default
dev.tnclark8012.apps.android.dogshow.R$color: int common_signin_btn_dark_text_disabled
dev.tnclark8012.apps.android.dogshow.R$color: int common_signin_btn_dark_text_focused
dev.tnclark8012.apps.android.dogshow.R$color: int common_signin_btn_dark_text_pressed
dev.tnclark8012.apps.android.dogshow.R$color: int common_signin_btn_default_background
dev.tnclark8012.apps.android.dogshow.R$color: int common_signin_btn_light_text_default
dev.tnclark8012.apps.android.dogshow.R$color: int common_signin_btn_light_text_disabled
dev.tnclark8012.apps.android.dogshow.R$color: int common_signin_btn_light_text_focused
dev.tnclark8012.apps.android.dogshow.R$color: int common_signin_btn_light_text_pressed
dev.tnclark8012.apps.android.dogshow.R$color: int common_signin_btn_text_dark
dev.tnclark8012.apps.android.dogshow.R$color: int common_signin_btn_text_light
dev.tnclark8012.apps.android.dogshow.R$color: int dark_blue
...
com.google.android.gms.maps.MapView: com.google.android.gms.maps.GoogleMap getMap()
com.google.android.gms.maps.StreetViewPanoramaOptions
com.google.android.gms.maps.StreetViewPanoramaOptions: com.google.android.gms.maps.StreetViewPanoramaOptionsCreator CREATOR
com.google.android.gms.maps.StreetViewPanoramaView: com.google.android.gms.maps.StreetViewPanorama getStreetViewPanorama()
com.google.android.gms.maps.model.CameraPosition
com.google.android.gms.maps.model.CameraPosition: com.google.android.gms.maps.model.CameraPositionCreator CREATOR
com.google.android.gms.maps.model.CircleOptions
com.google.android.gms.maps.model.CircleOptions: com.google.android.gms.maps.model.CircleOptionsCreator CREATOR
com.google.android.gms.maps.model.GroundOverlayOptions
com.google.android.gms.maps.model.GroundOverlayOptions: com.google.android.gms.maps.model.GroundOverlayOptionsCreator CREATOR
com.google.android.gms.maps.model.LatLng
com.google.android.gms.maps.model.LatLng: com.google.android.gms.maps.model.LatLngCreator CREATOR
com.google.android.gms.maps.model.LatLngBounds
com.google.android.gms.maps.model.LatLngBounds: com.google.android.gms.maps.model.LatLngBoundsCreator CREATOR
com.google.android.gms.maps.model.MarkerOptions
com.google.android.gms.maps.model.MarkerOptions: com.google.android.gms.maps.model.MarkerOptionsCreator CREATOR
com.google.android.gms.maps.model.PolygonOptions
com.google.android.gms.maps.model.PolygonOptions: com.google.android.gms.maps.model.PolygonOptionsCreator CREATOR
com.google.android.gms.maps.model.PolylineOptions
com.google.android.gms.maps.model.PolylineOptions: com.google.android.gms.maps.model.PolylineOptionsCreator CREATOR
com.google.android.gms.maps.model.StreetViewPanoramaCamera
com.google.android.gms.maps.model.StreetViewPanoramaCamera: com.google.android.gms.maps.model.StreetViewPanoramaCameraCreator CREATOR
com.google.android.gms.maps.model.StreetViewPanoramaLink
com.google.android.gms.maps.model.StreetViewPanoramaLink: com.google.android.gms.maps.model.StreetViewPanoramaLinkCreator CREATOR
com.google.android.gms.maps.model.StreetViewPanoramaLocation
com.google.android.gms.maps.model.StreetViewPanoramaLocation: com.google.android.gms.maps.model.StreetViewPanoramaLocationCreator CREATOR
com.google.android.gms.maps.model.StreetViewPanoramaOrientation
com.google.android.gms.maps.model.StreetViewPanoramaOrientation: com.google.android.gms.maps.model.StreetViewPanoramaOrientationCreator CREATOR
com.google.android.gms.maps.model.Tile
com.google.android.gms.maps.model.Tile: com.google.android.gms.maps.model.TileCreator CREATOR
com.google.android.gms.maps.model.TileOverlayOptions
com.google.android.gms.maps.model.TileOverlayOptions: com.google.android.gms.maps.model.TileOverlayOptionsCreator CREATOR
com.google.android.gms.maps.model.VisibleRegion
com.google.android.gms.maps.model.VisibleRegion: com.google.android.gms.maps.model.VisibleRegionCreator CREATOR
com.google.android.gms.plus.PlusOneButton: void setOnPlusOneClickListener(com.google.android.gms.plus.PlusOneButton$OnPlusOneClickListener)
com.google.android.gms.plus.PlusOneButton: void setAnnotation(int)
com.google.android.gms.plus.PlusOneButton: void setSize(int)
com.google.android.gms.plus.internal.PlusCommonExtras
com.google.android.gms.plus.internal.PlusCommonExtras: com.google.android.gms.plus.internal.f CREATOR
com.google.android.gms.plus.internal.h
com.google.android.gms.plus.internal.h: com.google.android.gms.plus.internal.j CREATOR
com.google.android.gms.tagmanager.az$a: com.google.android.gms.tagmanager.az$a[] values()
com.google.android.gms.tagmanager.az$a: com.google.android.gms.tagmanager.az$a valueOf(java.lang.String)
com.google.android.gms.tagmanager.bg$a: com.google.android.gms.tagmanager.bg$a[] values()
com.google.android.gms.tagmanager.bg$a: com.google.android.gms.tagmanager.bg$a valueOf(java.lang.String)