DogshowPro/myDogshow/build/outputs/proguard/release/mapping.txt
dev.tnclark8012.apps.android.dogshow.Config -> dev.tnclark8012.apps.android.dogshow.a:
    java.lang.String TAG -> a
dev.tnclark8012.apps.android.dogshow.Config$IApiAccessor -> dev.tnclark8012.apps.android.dogshow.b:
    java.net.URL getShowsUrl() -> a
    dev.tnclark8012.apps.android.dogshow.model.BreedRing[] getBreedRings(java.lang.String,java.lang.String,java.lang.Boolean,java.lang.Boolean) -> a
    dev.tnclark8012.apps.android.dogshow.model.JuniorsRing[] getJuniorsRings(java.lang.String,java.lang.String) -> a
    dev.tnclark8012.apps.android.dogshow.model.Show[] getShows() -> b
    java.lang.String register(java.lang.String,java.lang.String,java.lang.String,java.lang.String,java.lang.String) -> a
    dev.tnclark8012.apps.android.dogshow.sync.response.DogSyncResponse[] syncDogs(java.lang.String,java.lang.String,long,dev.tnclark8012.apps.android.dogshow.model.Dog[],java.lang.String[]) -> a
    dev.tnclark8012.apps.android.dogshow.sync.response.HandlerSyncResponse[] syncHandlers(java.lang.String,java.lang.String,long,dev.tnclark8012.apps.android.dogshow.model.Handler[],java.lang.String[]) -> a
    dev.tnclark8012.apps.android.dogshow.sync.response.ShowTeamSyncResponse[] syncShowTeams(java.lang.String,long,java.lang.String[]) -> a
    dev.tnclark8012.apps.android.dogshow.sync.response.ShowTeamResponse createShowTeam(java.lang.String,java.lang.String,java.lang.String) -> a
    dev.tnclark8012.apps.android.dogshow.sync.response.ShowTeamResponse joinShowTeam(java.lang.String,java.lang.String,java.lang.String) -> b
dev.tnclark8012.apps.android.dogshow.NotificationHandler -> dev.tnclark8012.apps.android.dogshow.c:
    java.lang.String mHandle -> b
    android.app.NotificationManager mNotificationManager -> c
    android.content.Context ctx -> a
    24:24:java.lang.String getHandle() -> a
    28:29:void setHandle(java.lang.String) -> a
    33:35:void onRegistered(android.content.Context,java.lang.String) -> a
    39:43:void onReceive(android.content.Context,android.os.Bundle) -> a
    46:62:void sendNotification(java.lang.String) -> b
dev.tnclark8012.apps.android.dogshow.R -> dev.tnclark8012.apps.android.dogshow.d:
dev.tnclark8012.apps.android.dogshow.R$styleable -> dev.tnclark8012.apps.android.dogshow.e:
    int[] AdsAttrs -> AdsAttrs
    int AdsAttrs_adSize -> AdsAttrs_adSize
    int AdsAttrs_adSizes -> AdsAttrs_adSizes
    int AdsAttrs_adUnitId -> AdsAttrs_adUnitId
    int[] BaseTheme -> BaseTheme
    int BaseTheme_activatableItemBackground -> BaseTheme_activatableItemBackground
    int BaseTheme_buttonBarButtonStyle -> BaseTheme_buttonBarButtonStyle
    int BaseTheme_buttonBarStyle -> BaseTheme_buttonBarStyle
    int BaseTheme_textHeaderMaxLines -> BaseTheme_textHeaderMaxLines
    int BaseTheme_trackAbstractMaxLines -> BaseTheme_trackAbstractMaxLines
    int[] BezelImageView -> BezelImageView
    int BezelImageView_borderDrawable -> BezelImageView_borderDrawable
    int BezelImageView_maskDrawable -> BezelImageView_maskDrawable
    int[] MapAttrs -> MapAttrs
    int MapAttrs_cameraBearing -> MapAttrs_cameraBearing
    int MapAttrs_cameraTargetLat -> MapAttrs_cameraTargetLat
    int MapAttrs_cameraTargetLng -> MapAttrs_cameraTargetLng
    int MapAttrs_cameraTilt -> MapAttrs_cameraTilt
    int MapAttrs_cameraZoom -> MapAttrs_cameraZoom
    int MapAttrs_mapType -> MapAttrs_mapType
    int MapAttrs_uiCompass -> MapAttrs_uiCompass
    int MapAttrs_uiRotateGestures -> MapAttrs_uiRotateGestures
    int MapAttrs_uiScrollGestures -> MapAttrs_uiScrollGestures
    int MapAttrs_uiTiltGestures -> MapAttrs_uiTiltGestures
    int MapAttrs_uiZoomControls -> MapAttrs_uiZoomControls
dev.tnclark8012.apps.android.dogshow.adapters.BaseEntityCursorAdapter -> dev.tnclark8012.apps.android.dogshow.a.a:
...
com.google.android.gms.internal.ko -> com.google.android.gms.internal.ko:
    com.google.android.gms.internal.kp CREATOR -> CREATOR
    java.util.HashMap aco -> a
    java.util.Set acp -> b
    int xJ -> c
    com.google.android.gms.internal.ko acq -> d
    java.util.List acr -> e
    com.google.android.gms.internal.ko acs -> f
    java.lang.String act -> g
    java.lang.String acu -> h
    java.lang.String acv -> i
    java.util.List acw -> j
    int acx -> k
    java.util.List acy -> l
    com.google.android.gms.internal.ko acz -> m
    java.util.List acA -> n
    java.lang.String acB -> o
    java.lang.String acC -> p
    com.google.android.gms.internal.ko acD -> q
    java.lang.String acE -> r
    java.lang.String acF -> s
    java.lang.String mi -> t
    java.util.List acG -> u
    java.lang.String acH -> v
    java.lang.String acI -> w
    java.lang.String acJ -> x
    java.lang.String Mm -> y
    java.lang.String acK -> z
    java.lang.String acL -> A
    java.lang.String acM -> B
    java.lang.String acN -> C
    java.lang.String acO -> D
    com.google.android.gms.internal.ko acP -> E
    java.lang.String acQ -> F
    java.lang.String acR -> G
    java.lang.String xD -> H
    java.lang.String acS -> I
    com.google.android.gms.internal.ko acT -> J
    double Va -> K
    com.google.android.gms.internal.ko acU -> L
    double Vb -> M
    java.lang.String mName -> N
    com.google.android.gms.internal.ko acV -> O
    java.util.List acW -> P
com.google.android.gms.internal.kp -> com.google.android.gms.internal.dw:
    com.google.android.gms.internal.ko bE(android.os.Parcel) -> a
    com.google.android.gms.internal.ko[] db(int) -> a
    void a(com.google.android.gms.internal.ko,android.os.Parcel,int) -> a
    java.lang.Object[] newArray(int) -> newArray
    java.lang.Object createFromParcel(android.os.Parcel) -> createFromParcel
com.google.android.gms.internal.kq -> com.google.android.gms.internal.kq:
    com.google.android.gms.internal.kr CREATOR -> CREATOR
    java.util.HashMap aco -> a
    java.util.Set acp -> b
    int xJ -> c
    java.lang.String xD -> d
    com.google.android.gms.internal.ko adk -> e
    java.lang.String adc -> f
    com.google.android.gms.internal.ko adl -> g
    java.lang.String qU -> h
    java.util.HashMap fB() -> b
    java.util.Set kf() -> e
    int getVersionCode() -> f
    java.lang.String getId() -> g
    com.google.android.gms.internal.ko kw() -> h
    java.lang.String getStartDate() -> i
    com.google.android.gms.internal.ko kx() -> j
    java.lang.String getType() -> k
    int describeContents() -> describeContents
    void writeToParcel(android.os.Parcel,int) -> writeToParcel
    java.lang.Object aF(java.lang.String) -> a
    boolean aG(java.lang.String) -> b
    boolean a(com.google.android.gms.internal.hz$a) -> a
    java.lang.Object b(com.google.android.gms.internal.hz$a) -> b
    com.google.android.gms.internal.kq ky() -> l
    int hashCode() -> hashCode
    boolean equals(java.lang.Object) -> equals
    java.lang.Object freeze() -> a
com.google.android.gms.internal.kr -> com.google.android.gms.internal.dx:
    com.google.android.gms.internal.kq bF(android.os.Parcel) -> a
    com.google.android.gms.internal.kq[] dc(int) -> a
    void a(com.google.android.gms.internal.kq,android.os.Parcel,int) -> a
    java.lang.Object[] newArray(int) -> newArray
    java.lang.Object createFromParcel(android.os.Parcel) -> createFromParcel