DogshowPro/myDogshow/build/outputs/proguard/release/usage.txt
dev.tnclark8012.apps.android.dogshow.BuildConfig
dev.tnclark8012.apps.android.dogshow.Config:
    public static final boolean DEBUG_OFFLINE
    public static final boolean SYNC_ENABLED
dev.tnclark8012.apps.android.dogshow.Config$IApiAccessor:
    public abstract java.net.URL buildGetBreedRingsUrl(java.lang.String)
    public abstract java.net.URL buildGetBreedRingsUrl(java.lang.String,java.lang.String,java.lang.Boolean,java.lang.Boolean)
    public abstract java.net.URL buildGetJuniorRingsUrl(java.lang.String,java.lang.String)
    public abstract java.net.URL buildGetRingBlockOverviewsUrl(java.lang.String,int,long)
    public abstract java.net.URL getBaseUrl()
    public abstract java.net.URL getRegistrationUrl()
dev.tnclark8012.apps.android.dogshow.Manifest
dev.tnclark8012.apps.android.dogshow.Manifest$permission
dev.tnclark8012.apps.android.dogshow.NotificationHandler:
    public static final int NOTIFICATION_ID
    android.support.v4.app.NotificationCompat$Builder builder
dev.tnclark8012.apps.android.dogshow.QueryHelper
dev.tnclark8012.apps.android.dogshow.R:
    10:10:public R()
dev.tnclark8012.apps.android.dogshow.R$anim
dev.tnclark8012.apps.android.dogshow.R$attr
dev.tnclark8012.apps.android.dogshow.R$color
dev.tnclark8012.apps.android.dogshow.R$dimen
dev.tnclark8012.apps.android.dogshow.R$drawable
dev.tnclark8012.apps.android.dogshow.R$id
dev.tnclark8012.apps.android.dogshow.R$integer
dev.tnclark8012.apps.android.dogshow.R$layout
dev.tnclark8012.apps.android.dogshow.R$menu
dev.tnclark8012.apps.android.dogshow.R$plurals
dev.tnclark8012.apps.android.dogshow.R$string
dev.tnclark8012.apps.android.dogshow.R$style
dev.tnclark8012.apps.android.dogshow.R$styleable:
    996:996:public R$styleable()
dev.tnclark8012.apps.android.dogshow.R$xml
dev.tnclark8012.apps.android.dogshow.adapters.BreedAdapter
dev.tnclark8012.apps.android.dogshow.adapters.NavigationDrawerCursorAdapter
dev.tnclark8012.apps.android.dogshow.adapters.RingBlockOverviewListAdapter:
    15:20:public RingBlockOverviewListAdapter(android.app.Activity,android.database.Cursor)
dev.tnclark8012.apps.android.dogshow.model.Location
dev.tnclark8012.apps.android.dogshow.preferences.Prefs:
    public static final java.lang.String KEY_C2DM_REG_ID
    public static final java.lang.String KEY_OPEN_ID
    public static final java.lang.String KEY_AUTH_TOKEN
    public static final java.lang.String KEY_DEVICE_ID
    public static final java.lang.String KEY_JUDGE_TIME
    public static final java.lang.String KEY_GROUP_DEFAULT_TIME
    public static final java.lang.String KEY_SETUP_COMPLETE
    public static final java.lang.String KEY_INSTALL_ID
    public static final java.lang.String KEY_USER_ID
    public static final java.lang.String KEY_LAST_SYNC
    public static final java.lang.String KEY_ENABLE_SYNC
    public static final java.lang.String KEY_CURRENT_TEAM_ID
    public static final java.lang.String KEY_LOCAL_SERVER
    public static final java.lang.String KEY_SHOW_GROUPS
    public static final java.lang.String KEY_CURRENT_SHOW_ID
    public static final java.lang.String KEY_CURRENT_SHOW
    13:13:public Prefs()
    96:97:public static java.lang.String getCurrentShowId(android.content.Context)
dev.tnclark8012.apps.android.dogshow.preferences.PrefsActivity$DeveloperPrefsFragment
dev.tnclark8012.apps.android.dogshow.preferences.PrefsActivity$DogshowPrefsFragment
...
com.google.android.gms.R$color:
    44:44:public R$color()
com.google.android.gms.R$drawable:
    73:73:public R$drawable()
com.google.android.gms.R$id
com.google.android.gms.R$integer
com.google.android.gms.R$string:
    131:131:public R$string()
com.google.android.gms.R$style
com.google.android.gms.R$styleable
com.google.android.gms.actions.ReserveIntents
com.google.android.gms.ads.AdActivity
com.google.android.gms.ads.AdListener
com.google.android.gms.ads.AdRequest
com.google.android.gms.ads.AdRequest$1
com.google.android.gms.ads.AdRequest$Builder
com.google.android.gms.ads.AdSize
com.google.android.gms.ads.AdView
com.google.android.gms.ads.InterstitialAd
com.google.android.gms.ads.a
com.google.android.gms.ads.doubleclick.AppEventListener
com.google.android.gms.ads.doubleclick.PublisherAdRequest
com.google.android.gms.ads.doubleclick.PublisherAdRequest$1
com.google.android.gms.ads.doubleclick.PublisherAdRequest$Builder
com.google.android.gms.ads.doubleclick.PublisherAdView
com.google.android.gms.ads.doubleclick.PublisherInterstitialAd
com.google.android.gms.ads.identifier.AdvertisingIdClient
com.google.android.gms.ads.identifier.AdvertisingIdClient$Info
com.google.android.gms.ads.mediation.MediationAdRequest
com.google.android.gms.ads.mediation.MediationAdapter
com.google.android.gms.ads.mediation.MediationBannerAdapter
com.google.android.gms.ads.mediation.MediationBannerListener
com.google.android.gms.ads.mediation.MediationInterstitialAdapter
com.google.android.gms.ads.mediation.MediationInterstitialListener
com.google.android.gms.ads.mediation.NetworkExtras
com.google.android.gms.ads.mediation.admob.AdMobExtras
com.google.android.gms.ads.mediation.customevent.CustomEvent
com.google.android.gms.ads.mediation.customevent.CustomEventAdapter
com.google.android.gms.ads.mediation.customevent.CustomEventAdapter$a
com.google.android.gms.ads.mediation.customevent.CustomEventAdapter$b
com.google.android.gms.ads.mediation.customevent.CustomEventBanner
com.google.android.gms.ads.mediation.customevent.CustomEventBannerListener
com.google.android.gms.ads.mediation.customevent.CustomEventExtras
com.google.android.gms.ads.mediation.customevent.CustomEventInterstitial
com.google.android.gms.ads.mediation.customevent.CustomEventInterstitialListener
com.google.android.gms.ads.mediation.customevent.CustomEventListener
com.google.android.gms.ads.purchase.InAppPurchase
com.google.android.gms.ads.purchase.InAppPurchaseActivity
com.google.android.gms.ads.purchase.InAppPurchaseListener
com.google.android.gms.ads.purchase.InAppPurchaseResult
com.google.android.gms.ads.purchase.PlayStorePurchaseListener
com.google.android.gms.ads.search.SearchAdRequest
com.google.android.gms.ads.search.SearchAdRequest$1
com.google.android.gms.ads.search.SearchAdRequest$Builder
com.google.android.gms.ads.search.SearchAdView
com.google.android.gms.analytics.CampaignTrackingReceiver
com.google.android.gms.analytics.CampaignTrackingService
com.google.android.gms.analytics.ExceptionParser
com.google.android.gms.analytics.ExceptionReporter
com.google.android.gms.analytics.GoogleAnalytics
com.google.android.gms.analytics.GoogleAnalytics$a
com.google.android.gms.analytics.GoogleAnalytics$b
com.google.android.gms.analytics.HitBuilders
com.google.android.gms.analytics.HitBuilders$AppViewBuilder
com.google.android.gms.analytics.HitBuilders$EventBuilder
com.google.android.gms.analytics.HitBuilders$ExceptionBuilder
com.google.android.gms.analytics.HitBuilders$HitBuilder
com.google.android.gms.analytics.HitBuilders$ItemBuilder
com.google.android.gms.analytics.HitBuilders$ScreenViewBuilder
com.google.android.gms.analytics.HitBuilders$SocialBuilder
com.google.android.gms.analytics.HitBuilders$TimingBuilder
com.google.android.gms.analytics.HitBuilders$TransactionBuilder
com.google.android.gms.analytics.Logger
com.google.android.gms.analytics.Logger$LogLevel
com.google.android.gms.analytics.StandardExceptionParser
com.google.android.gms.analytics.Tracker